{
  "uid" : "749497cbd3d5a0f1",
  "name" : "Testing.test_add_cart",
  "fullName" : "test_flipkart.Testing.test_add_cart",
  "historyId" : "4cb6989eba73d016752f893c0dc5567b",
  "time" : {
    "start" : 1544072954935,
    "stop" : 1544073003700,
    "duration" : 48765
  },
  "description" : "",
  "descriptionHtml" : "",
  "status" : "passed",
  "flaky" : false,
  "beforeStages" : [ ],
  "afterStages" : [ ],
  "labels" : [ {
    "name" : "framework",
    "value" : "pytest"
  }, {
    "name" : "host",
    "value" : "LAPTOP-7FONJQNR"
  }, {
    "name" : "language",
    "value" : "cpython3"
  }, {
    "name" : "severity",
    "value" : "normal"
  }, {
    "name" : "thread",
    "value" : "9520-MainThread"
  }, {
    "name" : "suite",
    "value" : "test_flipkart"
  }, {
    "name" : "testClass",
    "value" : "test_flipkart"
  }, {
    "name" : "testMethod",
    "value" : "Testing.test_add_cart"
  }, {
    "name" : "package",
    "value" : "test_flipkart"
  }, {
    "name" : "resultFormat",
    "value" : "allure1"
  } ],
  "parameters" : [ ],
  "links" : [ ],
  "hidden" : false,
  "retry" : false,
  "extra" : {
    "severity" : "normal",
    "retries" : [ ],
    "categories" : [ ],
    "history" : {
      "statistic" : {
        "failed" : 8,
        "broken" : 0,
        "skipped" : 0,
        "passed" : 2,
        "unknown" : 0,
        "total" : 10
      },
      "items" : [ {
        "uid" : "acac1a669f25d4c",
        "reportUrl" : "http://localhost:8080/job/AutomationPytest/37/allure/#testresult/acac1a669f25d4c",
        "status" : "failed",
        "statusDetails" : "NoSuchElementException: Message: no such element: Unable to locate element: {\"method\":\"id\",\"selector\":\"pincodeInputId\"}\n  (Session info: chrome=70.0.3538.110)\n  (Driver info: chromedriver=2.40.565498 (ea082db3280dd6843ebfb08a625e3eb905c4f5ab),platform=Windows NT 10.0.17134 x86_64)\n",
        "time" : {
          "start" : 1544072855321,
          "stop" : 1544072885594,
          "duration" : 30273
        }
      }, {
        "uid" : "729add3d9bfad50f",
        "reportUrl" : "http://localhost:8080/job/AutomationPytest/35/allure/#testresult/729add3d9bfad50f",
        "status" : "failed",
        "statusDetails" : "NoSuchElementException: Message: no such element: Unable to locate element: {\"method\":\"xpath\",\"selector\":\"//span[text()=\"Men\"]\"}\n  (Session info: chrome=70.0.3538.110)\n  (Driver info: chromedriver=2.40.565498 (ea082db3280dd6843ebfb08a625e3eb905c4f5ab),platform=Windows NT 10.0.17134 x86_64)\n",
        "time" : {
          "start" : 1544072450436,
          "stop" : 1544072450489,
          "duration" : 53
        }
      }, {
        "uid" : "96796286f0905117",
        "reportUrl" : "http://localhost:8080/job/AutomationPytest/34/allure/#testresult/96796286f0905117",
        "status" : "failed",
        "statusDetails" : "NoSuchElementException: Message: no such element: Unable to locate element: {\"method\":\"id\",\"selector\":\"pincodeInputId\"}\n  (Session info: chrome=70.0.3538.110)\n  (Driver info: chromedriver=2.40.565498 (ea082db3280dd6843ebfb08a625e3eb905c4f5ab),platform=Windows NT 10.0.17134 x86_64)\n",
        "time" : {
          "start" : 1544072140513,
          "stop" : 1544072170684,
          "duration" : 30171
        }
      }, {
        "uid" : "9f0b7993821adbb6",
        "reportUrl" : "http://localhost:8080/job/AutomationPytest/33/allure/#testresult/9f0b7993821adbb6",
        "status" : "failed",
        "statusDetails" : "NoSuchElementException: Message: no such element: Unable to locate element: {\"method\":\"xpath\",\"selector\":\"//span[text()=\"Men\"]\"}\n  (Session info: chrome=70.0.3538.110)\n  (Driver info: chromedriver=2.40.565498 (ea082db3280dd6843ebfb08a625e3eb905c4f5ab),platform=Windows NT 10.0.17134 x86_64)\n",
        "time" : {
          "start" : 1544071992399,
          "stop" : 1544071992572,
          "duration" : 173
        }
      }, {
        "uid" : "dcefce4e31f92e13",
        "reportUrl" : "http://localhost:8080/job/AutomationPytest/32/allure/#testresult/dcefce4e31f92e13",
        "status" : "failed",
        "statusDetails" : "NoSuchElementException: Message: no such element: Unable to locate element: {\"method\":\"id\",\"selector\":\"pincodeInputId\"}\n  (Session info: chrome=70.0.3538.110)\n  (Driver info: chromedriver=2.40.565498 (ea082db3280dd6843ebfb08a625e3eb905c4f5ab),platform=Windows NT 10.0.17134 x86_64)\n",
        "time" : {
          "start" : 1544071853357,
          "stop" : 1544071883658,
          "duration" : 30301
        }
      } ]
    },
    "tags" : [ ]
  },
  "source" : "749497cbd3d5a0f1.json",
  "parameterValues" : [ ]
}